<?xml version="1.0" encoding="UTF-8"?>
<!-- Generated by org.testng.reporters.JUnitReportReporter -->
<testsuite hostname="mindc1d196" failures="0" tests="1" name="TestCases.Loginapp" time="4.983" errors="0" timestamp="2022-06-05T21:26:28 IST" skipped="0">
  <testcase classname="TestCases.Loginapp" name="Login" time="4.983"/>
  <system-out/>
</testsuite> <!-- TestCases.Loginapp -->
